<?xml version="1.0" encoding="UTF-8"?>
<!-- Generated by org.testng.reporters.JUnitXMLReporter -->
<testsuite ignored="0" hostname="DESKTOP-31A78CG" failures="0" tests="3" name="Default test" time="0.054" errors="0" timestamp="2024-12-16T17:20:40 IST">
  <testcase classname="Test.day4" name="LoginAPIhomeloan" time="0.007"/>
  <testcase classname="Test.day4" name="MobileLoginhomeloan" time="0.001"/>
  <testcase classname="Test.day4" name="WebloginHomeloan" time="0.001"/>
</testsuite> <!-- Default test -->
