<?xml version="1.0" encoding="UTF-8"?>
<!-- Generated by org.testng.reporters.JUnitXMLReporter -->
<testsuite ignored="0" hostname="DESKTOP-31A78CG" failures="0" tests="9" name="Test" time="0.085" errors="0" timestamp="2024-12-16T17:23:23 IST">
  <testcase classname="Test.day4" name="LoginAPIhomeloan" time="0.011"/>
  <testcase classname="Test.day4" name="MobileLoginhomeloan" time="0.001"/>
  <testcase classname="Test.day4" name="WebloginHomeloan" time="0.001"/>
  <testcase classname="Test.day3" name="LoginAPIcarloan" time="0.002"/>
  <testcase classname="Test.day3" name="MobileLoginCarloan" time="0.0"/>
  <testcase classname="Test.day3" name="WebloginCarloan" time="0.0"/>
  <testcase classname="Test.classday1" name="SecondTest" time="0.001"/>
  <testcase classname="Test.classday1" name="demo" time="0.001"/>
  <testcase classname="Test.day2" name="ploan" time="0.003"/>
</testsuite> <!-- Test -->
