<?xml version="1.0" encoding="UTF-8"?>
<!-- Generated by org.testng.reporters.JUnitXMLReporter -->
<testsuite ignored="0" hostname="DESKTOP-31A78CG" failures="0" tests="6" name="Personal Loan" time="0.048" errors="0" timestamp="2024-12-17T11:21:44 IST">
  <testcase classname="Test.classday1" name="SecondTest" time="0.005"/>
  <testcase classname="Test.classday1" name="demo" time="0.002"/>
  <testcase classname="Test.day2" name="ploan" time="0.001"/>
  <testcase classname="Test.day4" name="LoginAPIhomeloan" time="0.001"/>
  <testcase classname="Test.day4" name="MobileLoginhomeloan" time="0.002"/>
  <testcase classname="Test.day4" name="WebloginHomeloan" time="0.001"/>
</testsuite> <!-- Personal Loan -->
