<?xml version="1.0" encoding="UTF-8"?>
<testng-results ignored="0" total="9" passed="9" failed="0" skipped="0">
  <reporter-output>
  </reporter-output>
  <suite started-at="2024-12-17T11:21:44 IST" name="Loan Department" finished-at="2024-12-17T11:21:44 IST" duration-ms="109">
    <groups>
    </groups>
    <test started-at="2024-12-17T11:21:44 IST" name="Personal Loan" finished-at="2024-12-17T11:21:44 IST" duration-ms="48">
      <class name="Test.day2">
        <test-method signature="ploan()[pri:0, instance:Test.day2@25ce9dc4]" started-at="2024-12-17T11:21:44 IST" name="ploan" finished-at="2024-12-17T11:21:44 IST" duration-ms="1" status="PASS">
          <reporter-output>
          </reporter-output>
        </test-method> <!-- ploan -->
      </class> <!-- Test.day2 -->
      <class name="Test.day4">
        <test-method is-config="true" signature="lastexecution()[pri:0, instance:Test.day4@248e319b]" started-at="2024-12-17T11:21:44 IST" name="lastexecution" finished-at="2024-12-17T11:21:44 IST" duration-ms="0" status="PASS">
          <reporter-output>
          </reporter-output>
        </test-method> <!-- lastexecution -->
        <test-method signature="LoginAPIhomeloan()[pri:0, instance:Test.day4@248e319b]" started-at="2024-12-17T11:21:44 IST" name="LoginAPIhomeloan" finished-at="2024-12-17T11:21:44 IST" duration-ms="1" status="PASS">
          <reporter-output>
          </reporter-output>
        </test-method> <!-- LoginAPIhomeloan -->
        <test-method signature="MobileLoginhomeloan()[pri:0, instance:Test.day4@248e319b]" started-at="2024-12-17T11:21:44 IST" name="MobileLoginhomeloan" finished-at="2024-12-17T11:21:44 IST" duration-ms="2" status="PASS">
          <reporter-output>
          </reporter-output>
        </test-method> <!-- MobileLoginhomeloan -->
        <test-method signature="WebloginHomeloan()[pri:0, instance:Test.day4@248e319b]" started-at="2024-12-17T11:21:44 IST" name="WebloginHomeloan" finished-at="2024-12-17T11:21:44 IST" duration-ms="1" status="PASS">
          <reporter-output>
          </reporter-output>
        </test-method> <!-- WebloginHomeloan -->
      </class> <!-- Test.day4 -->
      <class name="Test.classday1">
        <test-method signature="SecondTest()[pri:0, instance:Test.classday1@8f2ef19]" started-at="2024-12-17T11:21:44 IST" name="SecondTest" finished-at="2024-12-17T11:21:44 IST" duration-ms="5" status="PASS">
          <reporter-output>
          </reporter-output>
        </test-method> <!-- SecondTest -->
        <test-method signature="demo()[pri:0, instance:Test.classday1@8f2ef19]" started-at="2024-12-17T11:21:44 IST" name="demo" finished-at="2024-12-17T11:21:44 IST" duration-ms="2" status="PASS">
          <reporter-output>
          </reporter-output>
        </test-method> <!-- demo -->
        <test-method is-config="true" signature="lastexecution()[pri:0, instance:Test.classday1@8f2ef19]" started-at="2024-12-17T11:21:44 IST" name="lastexecution" finished-at="2024-12-17T11:21:44 IST" duration-ms="0" status="PASS">
          <reporter-output>
          </reporter-output>
        </test-method> <!-- lastexecution -->
      </class> <!-- Test.classday1 -->
    </test> <!-- Personal Loan -->
    <test started-at="2024-12-17T11:21:44 IST" name="car Loan" finished-at="2024-12-17T11:21:44 IST" duration-ms="10">
      <class name="Test.day3">
        <test-method is-config="true" signature="Beforeexecution()[pri:0, instance:Test.day3@268f106e]" started-at="2024-12-17T11:21:44 IST" name="Beforeexecution" finished-at="2024-12-17T11:21:44 IST" duration-ms="17" status="PASS">
          <reporter-output>
          </reporter-output>
        </test-method> <!-- Beforeexecution -->
        <test-method signature="LoginAPIcarloan()[pri:0, instance:Test.day3@268f106e]" started-at="2024-12-17T11:21:44 IST" name="LoginAPIcarloan" finished-at="2024-12-17T11:21:44 IST" duration-ms="2" status="PASS">
          <reporter-output>
          </reporter-output>
        </test-method> <!-- LoginAPIcarloan -->
        <test-method signature="MobileLoginCarloan()[pri:0, instance:Test.day3@268f106e]" started-at="2024-12-17T11:21:44 IST" name="MobileLoginCarloan" finished-at="2024-12-17T11:21:44 IST" duration-ms="2" status="PASS">
          <reporter-output>
          </reporter-output>
        </test-method> <!-- MobileLoginCarloan -->
        <test-method signature="WebloginCarloan()[pri:0, instance:Test.day3@268f106e]" started-at="2024-12-17T11:21:44 IST" name="WebloginCarloan" finished-at="2024-12-17T11:21:44 IST" duration-ms="1" status="PASS">
          <reporter-output>
          </reporter-output>
        </test-method> <!-- WebloginCarloan -->
      </class> <!-- Test.day3 -->
      <class name="Test.day4">
        <test-method is-config="true" signature="afterexecution()[pri:0, instance:Test.day4@248e319b]" started-at="2024-12-17T11:21:44 IST" name="afterexecution" finished-at="2024-12-17T11:21:44 IST" duration-ms="1" status="PASS">
          <reporter-output>
          </reporter-output>
        </test-method> <!-- afterexecution -->
      </class> <!-- Test.day4 -->
    </test> <!-- car Loan -->
  </suite> <!-- Loan Department -->
</testng-results>
