<?xml version="1.0" encoding="UTF-8"?>
<!-- Generated by org.testng.reporters.JUnitReportReporter -->
<testsuite hostname="DESKTOP-31A78CG" failures="0" tests="3" name="Test.day3" time="0.005" errors="0" timestamp="2024-12-17T11:21:45 IST" skipped="0">
  <testcase classname="Test.day3" name="WebloginCarloan" time="0.001"/>
  <testcase classname="Test.day3" name="MobileLoginCarloan" time="0.002"/>
  <testcase classname="Test.day3" name="LoginAPIcarloan" time="0.002"/>
</testsuite> <!-- Test.day3 -->
