<?xml version="1.0" encoding="UTF-8"?>
<!-- Generated by org.testng.reporters.JUnitReportReporter -->
<testsuite hostname="DESKTOP-31A78CG" failures="0" tests="3" name="Test.day4" time="0.004" errors="0" timestamp="2024-12-17T11:21:45 IST" skipped="0">
  <testcase classname="Test.day4" name="WebloginHomeloan" time="0.001"/>
  <testcase classname="Test.day4" name="LoginAPIhomeloan" time="0.001"/>
  <testcase classname="Test.day4" name="MobileLoginhomeloan" time="0.002"/>
</testsuite> <!-- Test.day4 -->
